
*** Running vivado
    with args -log test_env.vds -m64 -product Vivado -mode batch -messageDb vivado.pb -notrace -source test_env.tcl


****** Vivado v2019.2 (64-bit)
  **** SW Build 2708876 on Wed Nov  6 21:40:23 MST 2019
  **** IP Build 2700528 on Thu Nov  7 00:09:20 MST 2019
    ** Copyright 1986-2019 Xilinx, Inc. All Rights Reserved.

source test_env.tcl -notrace
Command: synth_design -top test_env -part xc7a35tcpg236-1
Starting synth_design
Attempting to get a license for feature 'Synthesis' and/or device 'xc7a35t'
INFO: [Common 17-349] Got license for feature 'Synthesis' and/or device 'xc7a35t'
INFO: [Device 21-403] Loading part xc7a35tcpg236-1
INFO: Launching helper process for spawning children vivado processes
INFO: Helper process launched with PID 11696 
---------------------------------------------------------------------------------
Starting RTL Elaboration : Time (s): cpu = 00:00:10 ; elapsed = 00:00:12 . Memory (MB): peak = 834.379 ; gain = 233.715
---------------------------------------------------------------------------------
INFO: [Synth 8-638] synthesizing module 'test_env' [D:/AC/MIPS Pypeline/MIPS.srcs/sources_1/new/test_env.vhd:45]
INFO: [Synth 8-3491] module 'MPG' declared at 'D:/AC/MIPS Pypeline/MIPS.srcs/sources_1/imports/AC/MPG.vhd:36' bound to instance 'MPG1' of component 'MPG' [D:/AC/MIPS Pypeline/MIPS.srcs/sources_1/new/test_env.vhd:189]
INFO: [Synth 8-638] synthesizing module 'MPG' [D:/AC/MIPS Pypeline/MIPS.srcs/sources_1/imports/AC/MPG.vhd:42]
INFO: [Synth 8-256] done synthesizing module 'MPG' (1#1) [D:/AC/MIPS Pypeline/MIPS.srcs/sources_1/imports/AC/MPG.vhd:42]
INFO: [Synth 8-3491] module 'MPG' declared at 'D:/AC/MIPS Pypeline/MIPS.srcs/sources_1/imports/AC/MPG.vhd:36' bound to instance 'MPG2' of component 'MPG' [D:/AC/MIPS Pypeline/MIPS.srcs/sources_1/new/test_env.vhd:191]
INFO: [Synth 8-3491] module 'InstructionFetch' declared at 'D:/AC/MIPS Pypeline/MIPS.srcs/sources_1/new/InstructionFetch.vhd:36' bound to instance 'IF1' of component 'InstructionFetch' [D:/AC/MIPS Pypeline/MIPS.srcs/sources_1/new/test_env.vhd:193]
INFO: [Synth 8-638] synthesizing module 'InstructionFetch' [D:/AC/MIPS Pypeline/MIPS.srcs/sources_1/new/InstructionFetch.vhd:48]
INFO: [Synth 8-256] done synthesizing module 'InstructionFetch' (2#1) [D:/AC/MIPS Pypeline/MIPS.srcs/sources_1/new/InstructionFetch.vhd:48]
INFO: [Synth 8-3491] module 'ID' declared at 'D:/AC/MIPS Pypeline/MIPS.srcs/sources_1/new/ID.vhd:36' bound to instance 'ID1' of component 'ID' [D:/AC/MIPS Pypeline/MIPS.srcs/sources_1/new/test_env.vhd:195]
INFO: [Synth 8-638] synthesizing module 'ID' [D:/AC/MIPS Pypeline/MIPS.srcs/sources_1/new/ID.vhd:56]
WARNING: [Synth 8-3848] Net rt in module/entity ID does not have driver. [D:/AC/MIPS Pypeline/MIPS.srcs/sources_1/new/ID.vhd:51]
WARNING: [Synth 8-3848] Net rd in module/entity ID does not have driver. [D:/AC/MIPS Pypeline/MIPS.srcs/sources_1/new/ID.vhd:52]
INFO: [Synth 8-256] done synthesizing module 'ID' (3#1) [D:/AC/MIPS Pypeline/MIPS.srcs/sources_1/new/ID.vhd:56]
INFO: [Synth 8-3491] module 'UC' declared at 'D:/AC/MIPS Pypeline/MIPS.srcs/sources_1/new/UC.vhd:34' bound to instance 'UC1' of component 'UC' [D:/AC/MIPS Pypeline/MIPS.srcs/sources_1/new/test_env.vhd:197]
INFO: [Synth 8-638] synthesizing module 'UC' [D:/AC/MIPS Pypeline/MIPS.srcs/sources_1/new/UC.vhd:49]
INFO: [Synth 8-256] done synthesizing module 'UC' (4#1) [D:/AC/MIPS Pypeline/MIPS.srcs/sources_1/new/UC.vhd:49]
INFO: [Synth 8-3491] module 'EX' declared at 'D:/AC/MIPS Pypeline/MIPS.srcs/sources_1/new/EX.vhd:35' bound to instance 'EX1' of component 'EX' [D:/AC/MIPS Pypeline/MIPS.srcs/sources_1/new/test_env.vhd:199]
INFO: [Synth 8-638] synthesizing module 'EX' [D:/AC/MIPS Pypeline/MIPS.srcs/sources_1/new/EX.vhd:56]
INFO: [Synth 8-256] done synthesizing module 'EX' (5#1) [D:/AC/MIPS Pypeline/MIPS.srcs/sources_1/new/EX.vhd:56]
INFO: [Synth 8-3491] module 'MEM' declared at 'D:/AC/MIPS Pypeline/MIPS.srcs/sources_1/new/MEM.vhd:35' bound to instance 'MEM1' of component 'MEM' [D:/AC/MIPS Pypeline/MIPS.srcs/sources_1/new/test_env.vhd:202]
INFO: [Synth 8-638] synthesizing module 'MEM' [D:/AC/MIPS Pypeline/MIPS.srcs/sources_1/new/MEM.vhd:47]
INFO: [Synth 8-256] done synthesizing module 'MEM' (6#1) [D:/AC/MIPS Pypeline/MIPS.srcs/sources_1/new/MEM.vhd:47]
INFO: [Synth 8-3491] module 'SSD' declared at 'D:/AC/MIPS Pypeline/MIPS.srcs/sources_1/imports/new/SSD.vhd:36' bound to instance 'SSD1' of component 'SSD' [D:/AC/MIPS Pypeline/MIPS.srcs/sources_1/new/test_env.vhd:204]
INFO: [Synth 8-638] synthesizing module 'SSD' [D:/AC/MIPS Pypeline/MIPS.srcs/sources_1/imports/new/SSD.vhd:45]
INFO: [Synth 8-256] done synthesizing module 'SSD' (7#1) [D:/AC/MIPS Pypeline/MIPS.srcs/sources_1/imports/new/SSD.vhd:45]
INFO: [Synth 8-256] done synthesizing module 'test_env' (8#1) [D:/AC/MIPS Pypeline/MIPS.srcs/sources_1/new/test_env.vhd:45]
WARNING: [Synth 8-3331] design UC has unconnected port Instr[12]
WARNING: [Synth 8-3331] design UC has unconnected port Instr[11]
WARNING: [Synth 8-3331] design UC has unconnected port Instr[10]
WARNING: [Synth 8-3331] design UC has unconnected port Instr[9]
WARNING: [Synth 8-3331] design UC has unconnected port Instr[8]
WARNING: [Synth 8-3331] design UC has unconnected port Instr[7]
WARNING: [Synth 8-3331] design UC has unconnected port Instr[6]
WARNING: [Synth 8-3331] design UC has unconnected port Instr[5]
WARNING: [Synth 8-3331] design UC has unconnected port Instr[4]
WARNING: [Synth 8-3331] design UC has unconnected port Instr[3]
WARNING: [Synth 8-3331] design UC has unconnected port Instr[2]
WARNING: [Synth 8-3331] design UC has unconnected port Instr[1]
WARNING: [Synth 8-3331] design UC has unconnected port Instr[0]
WARNING: [Synth 8-3331] design ID has unconnected port rt[2]
WARNING: [Synth 8-3331] design ID has unconnected port rt[1]
WARNING: [Synth 8-3331] design ID has unconnected port rt[0]
WARNING: [Synth 8-3331] design ID has unconnected port rd[2]
WARNING: [Synth 8-3331] design ID has unconnected port rd[1]
WARNING: [Synth 8-3331] design ID has unconnected port rd[0]
WARNING: [Synth 8-3331] design ID has unconnected port Instr[15]
WARNING: [Synth 8-3331] design ID has unconnected port Instr[14]
WARNING: [Synth 8-3331] design ID has unconnected port Instr[13]
WARNING: [Synth 8-3331] design test_env has unconnected port led[15]
WARNING: [Synth 8-3331] design test_env has unconnected port led[14]
WARNING: [Synth 8-3331] design test_env has unconnected port led[13]
WARNING: [Synth 8-3331] design test_env has unconnected port led[12]
WARNING: [Synth 8-3331] design test_env has unconnected port led[11]
WARNING: [Synth 8-3331] design test_env has unconnected port btn[4]
WARNING: [Synth 8-3331] design test_env has unconnected port btn[3]
WARNING: [Synth 8-3331] design test_env has unconnected port btn[2]
WARNING: [Synth 8-3331] design test_env has unconnected port sw[15]
WARNING: [Synth 8-3331] design test_env has unconnected port sw[14]
WARNING: [Synth 8-3331] design test_env has unconnected port sw[13]
WARNING: [Synth 8-3331] design test_env has unconnected port sw[12]
WARNING: [Synth 8-3331] design test_env has unconnected port sw[11]
WARNING: [Synth 8-3331] design test_env has unconnected port sw[10]
WARNING: [Synth 8-3331] design test_env has unconnected port sw[9]
WARNING: [Synth 8-3331] design test_env has unconnected port sw[8]
WARNING: [Synth 8-3331] design test_env has unconnected port sw[4]
WARNING: [Synth 8-3331] design test_env has unconnected port sw[3]
WARNING: [Synth 8-3331] design test_env has unconnected port sw[2]
WARNING: [Synth 8-3331] design test_env has unconnected port sw[1]
WARNING: [Synth 8-3331] design test_env has unconnected port sw[0]
---------------------------------------------------------------------------------
Finished RTL Elaboration : Time (s): cpu = 00:00:12 ; elapsed = 00:00:15 . Memory (MB): peak = 907.656 ; gain = 306.992
---------------------------------------------------------------------------------

Report Check Netlist: 
+------+------------------+-------+---------+-------+------------------+
|      |Item              |Errors |Warnings |Status |Description       |
+------+------------------+-------+---------+-------+------------------+
|1     |multi_driven_nets |      0|        0|Passed |Multi driven nets |
+------+------------------+-------+---------+-------+------------------+
---------------------------------------------------------------------------------
Start Handling Custom Attributes
---------------------------------------------------------------------------------
---------------------------------------------------------------------------------
Finished Handling Custom Attributes : Time (s): cpu = 00:00:13 ; elapsed = 00:00:16 . Memory (MB): peak = 907.656 ; gain = 306.992
---------------------------------------------------------------------------------
---------------------------------------------------------------------------------
Finished RTL Optimization Phase 1 : Time (s): cpu = 00:00:13 ; elapsed = 00:00:16 . Memory (MB): peak = 907.656 ; gain = 306.992
---------------------------------------------------------------------------------
Netlist sorting complete. Time (s): cpu = 00:00:00 ; elapsed = 00:00:00.018 . Memory (MB): peak = 907.656 ; gain = 0.000
INFO: [Project 1-570] Preparing netlist for logic optimization

Processing XDC Constraints
Initializing timing engine
Parsing XDC File [D:/AC/MIPS Pypeline/MIPS.srcs/constrs_1/imports/Desktop/cevaAC.xdc]
Finished Parsing XDC File [D:/AC/MIPS Pypeline/MIPS.srcs/constrs_1/imports/Desktop/cevaAC.xdc]
INFO: [Project 1-236] Implementation specific constraints were found while reading constraint file [D:/AC/MIPS Pypeline/MIPS.srcs/constrs_1/imports/Desktop/cevaAC.xdc]. These constraints will be ignored for synthesis but will be used in implementation. Impacted constraints are listed in the file [.Xil/test_env_propImpl.xdc].
Resolution: To avoid this warning, move constraints listed in [.Xil/test_env_propImpl.xdc] to another XDC file and exclude this new file from synthesis with the used_in_synthesis property (File Properties dialog in GUI) and re-run elaboration/synthesis.
Completed Processing XDC Constraints

Netlist sorting complete. Time (s): cpu = 00:00:00 ; elapsed = 00:00:00 . Memory (MB): peak = 994.082 ; gain = 0.000
INFO: [Project 1-111] Unisim Transformation Summary:
No Unisim elements were transformed.

Constraint Validation Runtime : Time (s): cpu = 00:00:00 ; elapsed = 00:00:00.029 . Memory (MB): peak = 994.082 ; gain = 0.000
---------------------------------------------------------------------------------
Finished Constraint Validation : Time (s): cpu = 00:00:28 ; elapsed = 00:00:32 . Memory (MB): peak = 994.082 ; gain = 393.418
---------------------------------------------------------------------------------
---------------------------------------------------------------------------------
Start Loading Part and Timing Information
---------------------------------------------------------------------------------
Loading part: xc7a35tcpg236-1
---------------------------------------------------------------------------------
Finished Loading Part and Timing Information : Time (s): cpu = 00:00:28 ; elapsed = 00:00:32 . Memory (MB): peak = 994.082 ; gain = 393.418
---------------------------------------------------------------------------------
---------------------------------------------------------------------------------
Start Applying 'set_property' XDC Constraints
---------------------------------------------------------------------------------
---------------------------------------------------------------------------------
Finished applying 'set_property' XDC Constraints : Time (s): cpu = 00:00:28 ; elapsed = 00:00:32 . Memory (MB): peak = 994.082 ; gain = 393.418
---------------------------------------------------------------------------------
INFO: [Synth 8-5546] ROM "ROM" won't be mapped to RAM because it is too sparse
WARNING: [Synth 8-327] inferring latch for variable 'RegDst_reg' [D:/AC/MIPS Pypeline/MIPS.srcs/sources_1/new/UC.vhd:52]
WARNING: [Synth 8-327] inferring latch for variable 'ExtOp_reg' [D:/AC/MIPS Pypeline/MIPS.srcs/sources_1/new/UC.vhd:52]
WARNING: [Synth 8-327] inferring latch for variable 'ALUSrc_reg' [D:/AC/MIPS Pypeline/MIPS.srcs/sources_1/new/UC.vhd:52]
WARNING: [Synth 8-327] inferring latch for variable 'Branch_reg' [D:/AC/MIPS Pypeline/MIPS.srcs/sources_1/new/UC.vhd:52]
WARNING: [Synth 8-327] inferring latch for variable 'Brgtz_reg' [D:/AC/MIPS Pypeline/MIPS.srcs/sources_1/new/UC.vhd:53]
WARNING: [Synth 8-327] inferring latch for variable 'Jump_reg' [D:/AC/MIPS Pypeline/MIPS.srcs/sources_1/new/UC.vhd:52]
WARNING: [Synth 8-327] inferring latch for variable 'ALUOp_reg' [D:/AC/MIPS Pypeline/MIPS.srcs/sources_1/new/UC.vhd:53]
WARNING: [Synth 8-327] inferring latch for variable 'MemWrite_reg' [D:/AC/MIPS Pypeline/MIPS.srcs/sources_1/new/UC.vhd:53]
WARNING: [Synth 8-327] inferring latch for variable 'MemToReg_reg' [D:/AC/MIPS Pypeline/MIPS.srcs/sources_1/new/UC.vhd:53]
WARNING: [Synth 8-327] inferring latch for variable 'RegWrite_reg' [D:/AC/MIPS Pypeline/MIPS.srcs/sources_1/new/UC.vhd:53]
---------------------------------------------------------------------------------
Finished RTL Optimization Phase 2 : Time (s): cpu = 00:00:29 ; elapsed = 00:00:33 . Memory (MB): peak = 994.082 ; gain = 393.418
---------------------------------------------------------------------------------

Report RTL Partitions: 
+-+--------------+------------+----------+
| |RTL Partition |Replication |Instances |
+-+--------------+------------+----------+
+-+--------------+------------+----------+
---------------------------------------------------------------------------------
Start RTL Component Statistics 
---------------------------------------------------------------------------------
Detailed RTL Component Info : 
+---Adders : 
	   2 Input     16 Bit       Adders := 3     
	   3 Input     16 Bit       Adders := 1     
+---XORs : 
	   2 Input     16 Bit         XORs := 1     
+---Registers : 
	               67 Bit    Registers := 1     
	               58 Bit    Registers := 1     
	               37 Bit    Registers := 1     
	               32 Bit    Registers := 1     
	               16 Bit    Registers := 1     
	                1 Bit    Registers := 6     
+---RAMs : 
	              512 Bit         RAMs := 1     
	              128 Bit         RAMs := 1     
+---Muxes : 
	   2 Input     16 Bit        Muxes := 7     
	  36 Input     16 Bit        Muxes := 1     
	   4 Input      4 Bit        Muxes := 3     
	   2 Input      3 Bit        Muxes := 1     
	   8 Input      2 Bit        Muxes := 1     
	   8 Input      1 Bit        Muxes := 9     
---------------------------------------------------------------------------------
Finished RTL Component Statistics 
---------------------------------------------------------------------------------
---------------------------------------------------------------------------------
Start RTL Hierarchical Component Statistics 
---------------------------------------------------------------------------------
Hierarchical RTL Component report 
Module test_env 
Detailed RTL Component Info : 
+---Registers : 
	               67 Bit    Registers := 1     
	               58 Bit    Registers := 1     
	               37 Bit    Registers := 1     
	               32 Bit    Registers := 1     
+---Muxes : 
	   2 Input     16 Bit        Muxes := 1     
Module MPG 
Detailed RTL Component Info : 
+---Registers : 
	                1 Bit    Registers := 3     
Module InstructionFetch 
Detailed RTL Component Info : 
+---Adders : 
	   2 Input     16 Bit       Adders := 1     
+---Registers : 
	               16 Bit    Registers := 1     
+---Muxes : 
	   2 Input     16 Bit        Muxes := 2     
	  36 Input     16 Bit        Muxes := 1     
Module ID 
Detailed RTL Component Info : 
+---RAMs : 
	              128 Bit         RAMs := 1     
+---Muxes : 
	   2 Input     16 Bit        Muxes := 1     
Module UC 
Detailed RTL Component Info : 
+---Muxes : 
	   8 Input      2 Bit        Muxes := 1     
	   8 Input      1 Bit        Muxes := 9     
Module EX 
Detailed RTL Component Info : 
+---Adders : 
	   2 Input     16 Bit       Adders := 2     
	   3 Input     16 Bit       Adders := 1     
+---XORs : 
	   2 Input     16 Bit         XORs := 1     
+---Muxes : 
	   2 Input     16 Bit        Muxes := 3     
	   4 Input      4 Bit        Muxes := 1     
	   2 Input      3 Bit        Muxes := 1     
Module MEM 
Detailed RTL Component Info : 
+---RAMs : 
	              512 Bit         RAMs := 1     
Module SSD 
Detailed RTL Component Info : 
+---Muxes : 
	   4 Input      4 Bit        Muxes := 2     
---------------------------------------------------------------------------------
Finished RTL Hierarchical Component Statistics
---------------------------------------------------------------------------------
---------------------------------------------------------------------------------
Start Part Resource Summary
---------------------------------------------------------------------------------
Part Resources:
DSPs: 90 (col length:60)
BRAMs: 100 (col length: RAMB18 60 RAMB36 30)
---------------------------------------------------------------------------------
Finished Part Resource Summary
---------------------------------------------------------------------------------
---------------------------------------------------------------------------------
Start Cross Boundary and Area Optimization
---------------------------------------------------------------------------------
Warning: Parallel synthesis criteria is not met 
WARNING: [Synth 8-3917] design test_env has port led[10] driven by constant 0
WARNING: [Synth 8-3917] design test_env has port led[9] driven by constant 0
WARNING: [Synth 8-3917] design test_env has port led[8] driven by constant 0
WARNING: [Synth 8-3917] design test_env has port led[7] driven by constant 0
WARNING: [Synth 8-3917] design test_env has port led[6] driven by constant 0
WARNING: [Synth 8-3917] design test_env has port led[5] driven by constant 0
WARNING: [Synth 8-3917] design test_env has port led[4] driven by constant 0
WARNING: [Synth 8-3917] design test_env has port led[3] driven by constant 0
WARNING: [Synth 8-3917] design test_env has port led[2] driven by constant 0
WARNING: [Synth 8-3917] design test_env has port led[1] driven by constant 0
WARNING: [Synth 8-3917] design test_env has port led[0] driven by constant 0
WARNING: [Synth 8-3331] design test_env has unconnected port led[15]
WARNING: [Synth 8-3331] design test_env has unconnected port led[14]
WARNING: [Synth 8-3331] design test_env has unconnected port led[13]
WARNING: [Synth 8-3331] design test_env has unconnected port led[12]
WARNING: [Synth 8-3331] design test_env has unconnected port led[11]
WARNING: [Synth 8-3331] design test_env has unconnected port btn[4]
WARNING: [Synth 8-3331] design test_env has unconnected port btn[3]
WARNING: [Synth 8-3331] design test_env has unconnected port btn[2]
WARNING: [Synth 8-3331] design test_env has unconnected port sw[15]
WARNING: [Synth 8-3331] design test_env has unconnected port sw[14]
WARNING: [Synth 8-3331] design test_env has unconnected port sw[13]
WARNING: [Synth 8-3331] design test_env has unconnected port sw[12]
WARNING: [Synth 8-3331] design test_env has unconnected port sw[11]
WARNING: [Synth 8-3331] design test_env has unconnected port sw[10]
WARNING: [Synth 8-3331] design test_env has unconnected port sw[9]
WARNING: [Synth 8-3331] design test_env has unconnected port sw[8]
WARNING: [Synth 8-3331] design test_env has unconnected port sw[4]
WARNING: [Synth 8-3331] design test_env has unconnected port sw[3]
WARNING: [Synth 8-3331] design test_env has unconnected port sw[2]
WARNING: [Synth 8-3331] design test_env has unconnected port sw[1]
WARNING: [Synth 8-3331] design test_env has unconnected port sw[0]
INFO: [Synth 8-3333] propagating constant 0 across sequential element (\ID_EX_out_reg[61] )
INFO: [Synth 8-3333] propagating constant 0 across sequential element (\ID_EX_out_reg[64] )
INFO: [Synth 8-3333] propagating constant 0 across sequential element (\ID_EX_out_reg[62] )
INFO: [Synth 8-3333] propagating constant 0 across sequential element (\ID_EX_out_reg[65] )
INFO: [Synth 8-3333] propagating constant 0 across sequential element (\ID_EX_out_reg[63] )
INFO: [Synth 8-3333] propagating constant 0 across sequential element (\ID_EX_out_reg[66] )
INFO: [Synth 8-3886] merging instance 'EX_MEM_out_reg[0]' (FDE) to 'ID_EX_out_reg[8]'
INFO: [Synth 8-3886] merging instance 'EX_MEM_out_reg[1]' (FDE) to 'ID_EX_out_reg[8]'
INFO: [Synth 8-3886] merging instance 'ID_EX_out_reg[8]' (FDE) to 'EX_MEM_out_reg[2]'
INFO: [Synth 8-3886] merging instance 'EX_MEM_out_reg[3]' (FDE) to 'EX_MEM_out_reg[2]'
INFO: [Synth 8-3886] merging instance 'EX_MEM_out_reg[4]' (FDE) to 'EX_MEM_out_reg[2]'
INFO: [Synth 8-3886] merging instance 'ID_EX_out_reg[0]' (FDE) to 'EX_MEM_out_reg[2]'
INFO: [Synth 8-3886] merging instance 'ID_EX_out_reg[1]' (FDE) to 'EX_MEM_out_reg[2]'
INFO: [Synth 8-3886] merging instance 'ID_EX_out_reg[2]' (FDE) to 'EX_MEM_out_reg[2]'
INFO: [Synth 8-3886] merging instance 'ID_EX_out_reg[3]' (FDE) to 'EX_MEM_out_reg[2]'
INFO: [Synth 8-3886] merging instance 'ID_EX_out_reg[4]' (FDE) to 'EX_MEM_out_reg[2]'
INFO: [Synth 8-3886] merging instance 'MEM_WB_out_reg[1]' (FDE) to 'EX_MEM_out_reg[2]'
INFO: [Synth 8-3886] merging instance 'EX_MEM_out_reg[2]' (FDE) to 'ID_EX_out_reg[5]'
INFO: [Synth 8-3886] merging instance 'MEM_WB_out_reg[0]' (FDE) to 'ID_EX_out_reg[5]'
INFO: [Synth 8-3886] merging instance 'ID_EX_out_reg[60]' (FDE) to 'ID_EX_out_reg[44]'
INFO: [Synth 8-3886] merging instance 'ID_EX_out_reg[41]' (FDE) to 'ID_EX_out_reg[57]'
INFO: [Synth 8-3886] merging instance 'ID_EX_out_reg[42]' (FDE) to 'ID_EX_out_reg[58]'
INFO: [Synth 8-3886] merging instance 'ID_EX_out_reg[43]' (FDE) to 'ID_EX_out_reg[59]'
INFO: [Synth 8-3886] merging instance 'ID_EX_out_reg[48]' (FDE) to 'ID_EX_out_reg[5]'
INFO: [Synth 8-3886] merging instance 'ID_EX_out_reg[49]' (FDE) to 'ID_EX_out_reg[5]'
INFO: [Synth 8-3886] merging instance 'ID_EX_out_reg[50]' (FDE) to 'ID_EX_out_reg[5]'
INFO: [Synth 8-3886] merging instance 'ID_EX_out_reg[51]' (FDE) to 'ID_EX_out_reg[5]'
INFO: [Synth 8-3886] merging instance 'ID_EX_out_reg[52]' (FDE) to 'ID_EX_out_reg[5]'
INFO: [Synth 8-3886] merging instance 'ID_EX_out_reg[53]' (FDE) to 'ID_EX_out_reg[5]'
INFO: [Synth 8-3886] merging instance 'ID_EX_out_reg[54]' (FDE) to 'ID_EX_out_reg[5]'
INFO: [Synth 8-3886] merging instance 'ID_EX_out_reg[55]' (FDE) to 'ID_EX_out_reg[5]'
INFO: [Synth 8-3886] merging instance 'ID_EX_out_reg[56]' (FDE) to 'ID_EX_out_reg[5]'
INFO: [Synth 8-3886] merging instance 'ID_EX_out_reg[7]' (FDE) to 'ID_EX_out_reg[5]'
INFO: [Synth 8-3886] merging instance 'ID_EX_out_reg[5]' (FDE) to 'ID_EX_out_reg[6]'
INFO: [Synth 8-3333] propagating constant 0 across sequential element (\ID_EX_out_reg[6] )
INFO: [Synth 8-3886] merging instance 'EX_MEM_out_reg[39]' (FDE) to 'EX_MEM_out_reg[40]'
INFO: [Synth 8-3886] merging instance 'ID_EX_out_reg[6]' (FDE) to 'EX_MEM_out_reg[40]'
INFO: [Synth 8-3886] merging instance 'EX_MEM_out_reg[40]' (FDE) to 'EX_MEM_out_reg[41]'
INFO: [Synth 8-3333] propagating constant 0 across sequential element (\EX_MEM_out_reg[41] )
INFO: [Synth 8-3886] merging instance 'MEM_WB_out_reg[34]' (FDE) to 'EX_MEM_out_reg[41]'
INFO: [Synth 8-3886] merging instance 'MEM_WB_out_reg[35]' (FDE) to 'EX_MEM_out_reg[41]'
INFO: [Synth 8-3886] merging instance 'MEM_WB_out_reg[36]' (FDE) to 'EX_MEM_out_reg[41]'
INFO: [Synth 8-3333] propagating constant 0 across sequential element (\EX_MEM_out_reg[41] )
WARNING: [Synth 8-3332] Sequential element (UC1/RegDst_reg) is unused and will be removed from module test_env.
CRITICAL WARNING: [Synth 8-6859] multi-driven net on pin Q with 1st driver pin 'UC1/RegDst_reg/Q' [D:/AC/MIPS Pypeline/MIPS.srcs/sources_1/new/UC.vhd:52]
CRITICAL WARNING: [Synth 8-6859] multi-driven net on pin Q with 2nd driver pin 'GND' [D:/AC/MIPS Pypeline/MIPS.srcs/sources_1/new/UC.vhd:52]
CRITICAL WARNING: [Synth 8-6858] multi-driven net Q is connected to at least one constant driver which has been preserved, other driver is ignored [D:/AC/MIPS Pypeline/MIPS.srcs/sources_1/new/UC.vhd:52]
WARNING: [Synth 8-3332] Sequential element (UC1/ExtOp_reg) is unused and will be removed from module test_env.
CRITICAL WARNING: [Synth 8-6859] multi-driven net on pin Q with 1st driver pin 'UC1/ExtOp_reg/Q' [D:/AC/MIPS Pypeline/MIPS.srcs/sources_1/new/UC.vhd:52]
CRITICAL WARNING: [Synth 8-6859] multi-driven net on pin Q with 2nd driver pin 'GND' [D:/AC/MIPS Pypeline/MIPS.srcs/sources_1/new/UC.vhd:52]
CRITICAL WARNING: [Synth 8-6858] multi-driven net Q is connected to at least one constant driver which has been preserved, other driver is ignored [D:/AC/MIPS Pypeline/MIPS.srcs/sources_1/new/UC.vhd:52]
WARNING: [Synth 8-3332] Sequential element (UC1/ALUSrc_reg) is unused and will be removed from module test_env.
CRITICAL WARNING: [Synth 8-6859] multi-driven net on pin Q with 1st driver pin 'UC1/ALUSrc_reg/Q' [D:/AC/MIPS Pypeline/MIPS.srcs/sources_1/new/UC.vhd:52]
CRITICAL WARNING: [Synth 8-6859] multi-driven net on pin Q with 2nd driver pin 'GND' [D:/AC/MIPS Pypeline/MIPS.srcs/sources_1/new/UC.vhd:52]
CRITICAL WARNING: [Synth 8-6858] multi-driven net Q is connected to at least one constant driver which has been preserved, other driver is ignored [D:/AC/MIPS Pypeline/MIPS.srcs/sources_1/new/UC.vhd:52]
WARNING: [Synth 8-3332] Sequential element (UC1/Branch_reg) is unused and will be removed from module test_env.
CRITICAL WARNING: [Synth 8-6859] multi-driven net on pin Q with 1st driver pin 'UC1/Branch_reg/Q' [D:/AC/MIPS Pypeline/MIPS.srcs/sources_1/new/UC.vhd:52]
CRITICAL WARNING: [Synth 8-6859] multi-driven net on pin Q with 2nd driver pin 'GND' [D:/AC/MIPS Pypeline/MIPS.srcs/sources_1/new/UC.vhd:52]
CRITICAL WARNING: [Synth 8-6858] multi-driven net Q is connected to at least one constant driver which has been preserved, other driver is ignored [D:/AC/MIPS Pypeline/MIPS.srcs/sources_1/new/UC.vhd:52]
WARNING: [Synth 8-3332] Sequential element (UC1/Brgtz_reg) is unused and will be removed from module test_env.
CRITICAL WARNING: [Synth 8-6859] multi-driven net on pin Q with 1st driver pin 'UC1/Brgtz_reg/Q' [D:/AC/MIPS Pypeline/MIPS.srcs/sources_1/new/UC.vhd:53]
CRITICAL WARNING: [Synth 8-6859] multi-driven net on pin Q with 2nd driver pin 'GND' [D:/AC/MIPS Pypeline/MIPS.srcs/sources_1/new/UC.vhd:53]
CRITICAL WARNING: [Synth 8-6858] multi-driven net Q is connected to at least one constant driver which has been preserved, other driver is ignored [D:/AC/MIPS Pypeline/MIPS.srcs/sources_1/new/UC.vhd:53]
WARNING: [Synth 8-3332] Sequential element (UC1/Jump_reg) is unused and will be removed from module test_env.
CRITICAL WARNING: [Synth 8-6859] multi-driven net on pin Q with 1st driver pin 'UC1/Jump_reg/Q' [D:/AC/MIPS Pypeline/MIPS.srcs/sources_1/new/UC.vhd:52]
CRITICAL WARNING: [Synth 8-6859] multi-driven net on pin Q with 2nd driver pin 'GND' [D:/AC/MIPS Pypeline/MIPS.srcs/sources_1/new/UC.vhd:52]
CRITICAL WARNING: [Synth 8-6858] multi-driven net Q is connected to at least one constant driver which has been preserved, other driver is ignored [D:/AC/MIPS Pypeline/MIPS.srcs/sources_1/new/UC.vhd:52]
WARNING: [Synth 8-3332] Sequential element (UC1/ALUOp_reg[1]) is unused and will be removed from module test_env.
CRITICAL WARNING: [Synth 8-6859] multi-driven net on pin Q with 1st driver pin 'UC1/ALUOp_reg[1]/Q' [D:/AC/MIPS Pypeline/MIPS.srcs/sources_1/new/UC.vhd:53]
CRITICAL WARNING: [Synth 8-6859] multi-driven net on pin Q with 2nd driver pin 'GND' [D:/AC/MIPS Pypeline/MIPS.srcs/sources_1/new/UC.vhd:53]
CRITICAL WARNING: [Synth 8-6858] multi-driven net Q is connected to at least one constant driver which has been preserved, other driver is ignored [D:/AC/MIPS Pypeline/MIPS.srcs/sources_1/new/UC.vhd:53]
WARNING: [Synth 8-3332] Sequential element (UC1/ALUOp_reg[0]) is unused and will be removed from module test_env.
CRITICAL WARNING: [Synth 8-6859] multi-driven net on pin Q with 1st driver pin 'UC1/ALUOp_reg[0]/Q' [D:/AC/MIPS Pypeline/MIPS.srcs/sources_1/new/UC.vhd:53]
CRITICAL WARNING: [Synth 8-6859] multi-driven net on pin Q with 2nd driver pin 'GND' [D:/AC/MIPS Pypeline/MIPS.srcs/sources_1/new/UC.vhd:53]
CRITICAL WARNING: [Synth 8-6858] multi-driven net Q is connected to at least one constant driver which has been preserved, other driver is ignored [D:/AC/MIPS Pypeline/MIPS.srcs/sources_1/new/UC.vhd:53]
WARNING: [Synth 8-3332] Sequential element (UC1/MemWrite_reg) is unused and will be removed from module test_env.
CRITICAL WARNING: [Synth 8-6859] multi-driven net on pin Q with 1st driver pin 'UC1/MemWrite_reg/Q' [D:/AC/MIPS Pypeline/MIPS.srcs/sources_1/new/UC.vhd:53]
CRITICAL WARNING: [Synth 8-6859] multi-driven net on pin Q with 2nd driver pin 'GND' [D:/AC/MIPS Pypeline/MIPS.srcs/sources_1/new/UC.vhd:53]
CRITICAL WARNING: [Synth 8-6858] multi-driven net Q is connected to at least one constant driver which has been preserved, other driver is ignored [D:/AC/MIPS Pypeline/MIPS.srcs/sources_1/new/UC.vhd:53]
WARNING: [Synth 8-3332] Sequential element (UC1/MemToReg_reg) is unused and will be removed from module test_env.
CRITICAL WARNING: [Synth 8-6859] multi-driven net on pin Q with 1st driver pin 'UC1/MemToReg_reg/Q' [D:/AC/MIPS Pypeline/MIPS.srcs/sources_1/new/UC.vhd:53]
CRITICAL WARNING: [Synth 8-6859] multi-driven net on pin Q with 2nd driver pin 'GND' [D:/AC/MIPS Pypeline/MIPS.srcs/sources_1/new/UC.vhd:53]
CRITICAL WARNING: [Synth 8-6858] multi-driven net Q is connected to at least one constant driver which has been preserved, other driver is ignored [D:/AC/MIPS Pypeline/MIPS.srcs/sources_1/new/UC.vhd:53]
WARNING: [Synth 8-3332] Sequential element (UC1/RegWrite_reg) is unused and will be removed from module test_env.
CRITICAL WARNING: [Synth 8-6859] multi-driven net on pin Q with 1st driver pin 'UC1/RegWrite_reg/Q' [D:/AC/MIPS Pypeline/MIPS.srcs/sources_1/new/UC.vhd:53]
CRITICAL WARNING: [Synth 8-6859] multi-driven net on pin Q with 2nd driver pin 'GND' [D:/AC/MIPS Pypeline/MIPS.srcs/sources_1/new/UC.vhd:53]
CRITICAL WARNING: [Synth 8-6858] multi-driven net Q is connected to at least one constant driver which has been preserved, other driver is ignored [D:/AC/MIPS Pypeline/MIPS.srcs/sources_1/new/UC.vhd:53]
---------------------------------------------------------------------------------
Finished Cross Boundary and Area Optimization : Time (s): cpu = 00:00:35 ; elapsed = 00:00:40 . Memory (MB): peak = 994.082 ; gain = 393.418
---------------------------------------------------------------------------------
---------------------------------------------------------------------------------
Start ROM, RAM, DSP and Shift Register Reporting
---------------------------------------------------------------------------------

Distributed RAM: Preliminary Mapping	Report (see note below)
+------------+--------------+-----------+----------------------+----------------+
|Module Name | RTL Object   | Inference | Size (Depth x Width) | Primitives     | 
+------------+--------------+-----------+----------------------+----------------+
|test_env    | MEM1/MEM_reg | Implied   | 32 x 16              | RAM32X1S x 16	 | 
|test_env    | ID1/RF_reg   | Implied   | 8 x 16               | RAM32M x 6	    | 
+------------+--------------+-----------+----------------------+----------------+

Note: The table above is a preliminary report that shows the Distributed RAMs at the current stage of the synthesis flow. Some Distributed RAMs may be reimplemented as non Distributed RAM primitives later in the synthesis flow. Multiple instantiated RAMs are reported only once.
---------------------------------------------------------------------------------
Finished ROM, RAM, DSP and Shift Register Reporting
---------------------------------------------------------------------------------

Report RTL Partitions: 
+-+--------------+------------+----------+
| |RTL Partition |Replication |Instances |
+-+--------------+------------+----------+
+-+--------------+------------+----------+
---------------------------------------------------------------------------------
Start Applying XDC Timing Constraints
---------------------------------------------------------------------------------
---------------------------------------------------------------------------------
Finished Applying XDC Timing Constraints : Time (s): cpu = 00:00:53 ; elapsed = 00:00:59 . Memory (MB): peak = 994.082 ; gain = 393.418
---------------------------------------------------------------------------------
---------------------------------------------------------------------------------
Start Timing Optimization
---------------------------------------------------------------------------------
---------------------------------------------------------------------------------
Finished Timing Optimization : Time (s): cpu = 00:00:53 ; elapsed = 00:00:59 . Memory (MB): peak = 994.082 ; gain = 393.418
---------------------------------------------------------------------------------
---------------------------------------------------------------------------------
Start ROM, RAM, DSP and Shift Register Reporting
---------------------------------------------------------------------------------

Distributed RAM: Final Mapping	Report
+------------+--------------+-----------+----------------------+----------------+
|Module Name | RTL Object   | Inference | Size (Depth x Width) | Primitives     | 
+------------+--------------+-----------+----------------------+----------------+
|test_env    | MEM1/MEM_reg | Implied   | 32 x 16              | RAM32X1S x 16	 | 
|test_env    | ID1/RF_reg   | Implied   | 8 x 16               | RAM32M x 6	    | 
+------------+--------------+-----------+----------------------+----------------+

---------------------------------------------------------------------------------
Finished ROM, RAM, DSP and Shift Register Reporting
---------------------------------------------------------------------------------

Report RTL Partitions: 
+-+--------------+------------+----------+
| |RTL Partition |Replication |Instances |
+-+--------------+------------+----------+
+-+--------------+------------+----------+
---------------------------------------------------------------------------------
Start Technology Mapping
---------------------------------------------------------------------------------
---------------------------------------------------------------------------------
Finished Technology Mapping : Time (s): cpu = 00:00:53 ; elapsed = 00:00:59 . Memory (MB): peak = 999.016 ; gain = 398.352
---------------------------------------------------------------------------------

Report RTL Partitions: 
+-+--------------+------------+----------+
| |RTL Partition |Replication |Instances |
+-+--------------+------------+----------+
+-+--------------+------------+----------+
---------------------------------------------------------------------------------
Start IO Insertion
---------------------------------------------------------------------------------
---------------------------------------------------------------------------------
Start Flattening Before IO Insertion
---------------------------------------------------------------------------------
---------------------------------------------------------------------------------
Finished Flattening Before IO Insertion
---------------------------------------------------------------------------------
---------------------------------------------------------------------------------
Start Final Netlist Cleanup
---------------------------------------------------------------------------------
---------------------------------------------------------------------------------
Finished Final Netlist Cleanup
---------------------------------------------------------------------------------
---------------------------------------------------------------------------------
Finished IO Insertion : Time (s): cpu = 00:01:06 ; elapsed = 00:01:12 . Memory (MB): peak = 1014.820 ; gain = 414.156
---------------------------------------------------------------------------------
---------------------------------------------------------------------------------
Start Renaming Generated Instances
---------------------------------------------------------------------------------
---------------------------------------------------------------------------------
Finished Renaming Generated Instances : Time (s): cpu = 00:01:06 ; elapsed = 00:01:12 . Memory (MB): peak = 1014.820 ; gain = 414.156
---------------------------------------------------------------------------------

Report RTL Partitions: 
+-+--------------+------------+----------+
| |RTL Partition |Replication |Instances |
+-+--------------+------------+----------+
+-+--------------+------------+----------+

Report Check Netlist: 
+------+------------------+-------+---------+-------+------------------+
|      |Item              |Errors |Warnings |Status |Description       |
+------+------------------+-------+---------+-------+------------------+
|1     |multi_driven_nets |      0|        0|Passed |Multi driven nets |
+------+------------------+-------+---------+-------+------------------+
---------------------------------------------------------------------------------
Start Rebuilding User Hierarchy
---------------------------------------------------------------------------------
---------------------------------------------------------------------------------
Finished Rebuilding User Hierarchy : Time (s): cpu = 00:01:06 ; elapsed = 00:01:13 . Memory (MB): peak = 1014.820 ; gain = 414.156
---------------------------------------------------------------------------------
---------------------------------------------------------------------------------
Start Renaming Generated Ports
---------------------------------------------------------------------------------
---------------------------------------------------------------------------------
Finished Renaming Generated Ports : Time (s): cpu = 00:01:06 ; elapsed = 00:01:13 . Memory (MB): peak = 1014.820 ; gain = 414.156
---------------------------------------------------------------------------------
---------------------------------------------------------------------------------
Start Handling Custom Attributes
---------------------------------------------------------------------------------
---------------------------------------------------------------------------------
Finished Handling Custom Attributes : Time (s): cpu = 00:01:06 ; elapsed = 00:01:13 . Memory (MB): peak = 1014.820 ; gain = 414.156
---------------------------------------------------------------------------------
---------------------------------------------------------------------------------
Start Renaming Generated Nets
---------------------------------------------------------------------------------
---------------------------------------------------------------------------------
Finished Renaming Generated Nets : Time (s): cpu = 00:01:06 ; elapsed = 00:01:13 . Memory (MB): peak = 1014.820 ; gain = 414.156
---------------------------------------------------------------------------------
---------------------------------------------------------------------------------
Start Writing Synthesis Report
---------------------------------------------------------------------------------

Report BlackBoxes: 
+-+--------------+----------+
| |BlackBox name |Instances |
+-+--------------+----------+
+-+--------------+----------+

Report Cell Usage: 
+------+---------+------+
|      |Cell     |Count |
+------+---------+------+
|1     |BUFG     |     1|
|2     |CARRY4   |    20|
|3     |LUT1     |     4|
|4     |LUT2     |    39|
|5     |LUT3     |     7|
|6     |LUT4     |    45|
|7     |LUT5     |    31|
|8     |LUT6     |    69|
|9     |MUXF7    |     8|
|10    |RAM32M   |     6|
|11    |RAM32X1S |    16|
|12    |FDRE     |   157|
|13    |IBUF     |     6|
|14    |OBUF     |    22|
|15    |OBUFT    |     5|
+------+---------+------+

Report Instance Areas: 
+------+---------+-----------------+------+
|      |Instance |Module           |Cells |
+------+---------+-----------------+------+
|1     |top      |                 |   436|
|2     |  EX1    |EX               |    72|
|3     |  ID1    |ID               |    13|
|4     |  IF1    |InstructionFetch |    61|
|5     |  MEM1   |MEM              |    34|
|6     |  MPG1   |MPG              |    29|
|7     |  MPG2   |MPG_0            |     4|
|8     |  SSD1   |SSD              |    58|
+------+---------+-----------------+------+
---------------------------------------------------------------------------------
Finished Writing Synthesis Report : Time (s): cpu = 00:01:06 ; elapsed = 00:01:13 . Memory (MB): peak = 1014.820 ; gain = 414.156
---------------------------------------------------------------------------------
Synthesis finished with 0 errors, 33 critical warnings and 53 warnings.
Synthesis Optimization Runtime : Time (s): cpu = 00:00:48 ; elapsed = 00:01:08 . Memory (MB): peak = 1014.820 ; gain = 327.730
Synthesis Optimization Complete : Time (s): cpu = 00:01:06 ; elapsed = 00:01:13 . Memory (MB): peak = 1014.820 ; gain = 414.156
INFO: [Project 1-571] Translating synthesized netlist
Netlist sorting complete. Time (s): cpu = 00:00:00 ; elapsed = 00:00:00.031 . Memory (MB): peak = 1025.883 ; gain = 0.000
INFO: [Netlist 29-17] Analyzing 50 Unisim elements for replacement
INFO: [Netlist 29-28] Unisim Transformation completed in 0 CPU seconds
INFO: [Project 1-570] Preparing netlist for logic optimization
INFO: [Opt 31-138] Pushed 1 inverter(s) to 6 load pin(s).
Netlist sorting complete. Time (s): cpu = 00:00:00 ; elapsed = 00:00:00.001 . Memory (MB): peak = 1025.883 ; gain = 0.000
INFO: [Project 1-111] Unisim Transformation Summary:
  A total of 22 instances were transformed.
  RAM32M => RAM32M (inverted pins: WCLK) (RAMD32(x6), RAMS32(x2)): 6 instances
  RAM32X1S => RAM32X1S (RAMS32): 16 instances

INFO: [Common 17-83] Releasing license: Synthesis
80 Infos, 98 Warnings, 33 Critical Warnings and 0 Errors encountered.
synth_design completed successfully
synth_design: Time (s): cpu = 00:01:19 ; elapsed = 00:01:28 . Memory (MB): peak = 1025.883 ; gain = 720.008
Netlist sorting complete. Time (s): cpu = 00:00:00 ; elapsed = 00:00:00.001 . Memory (MB): peak = 1025.883 ; gain = 0.000
WARNING: [Constraints 18-5210] No constraints selected for write.
Resolution: This message can indicate that there are no constraints for the design, or it can indicate that the used_in flags are set such that the constraints are ignored. This later case is used when running synth_design to not write synthesis constraints to the resulting checkpoint. Instead, project constraints are read when the synthesized design is opened.
INFO: [Common 17-1381] The checkpoint 'D:/AC/MIPS Pypeline/MIPS.runs/synth_1/test_env.dcp' has been generated.
INFO: [runtcl-4] Executing : report_utilization -file test_env_utilization_synth.rpt -pb test_env_utilization_synth.pb
INFO: [Common 17-206] Exiting Vivado at Wed May  6 20:46:54 2020...
